========================================================================
SEQUOIA End-to-End Pipeline
========================================================================
Job ID: 8472553
Node: se267
Started at: Sat Mar  7 00:38:54 PST 2026
========================================================================

Sat Mar  7 00:38:54 2026       
+-----------------------------------------------------------------------------------------+
| NVIDIA-SMI 570.211.01             Driver Version: 570.211.01     CUDA Version: 12.8     |
|-----------------------------------------+------------------------+----------------------+
| GPU  Name                 Persistence-M | Bus-Id          Disp.A | Volatile Uncorr. ECC |
| Fan  Temp   Perf          Pwr:Usage/Cap |           Memory-Usage | GPU-Util  Compute M. |
|                                         |                        |               MIG M. |
|=========================================+========================+======================|
|   0  Tesla V100-SXM2-32GB           On  |   00000000:3B:00.0 Off |                    0 |
| N/A   34C    P0             43W /  300W |       0MiB /  32768MiB |      0%      Default |
|                                         |                        |                  N/A |
+-----------------------------------------+------------------------+----------------------+
                                                                                         
+-----------------------------------------------------------------------------------------+
| Processes:                                                                              |
|  GPU   GI   CI              PID   Type   Process name                        GPU Memory |
|        ID   ID                                                               Usage      |
|=========================================================================================|
|  No running processes found                                                             |
+-----------------------------------------------------------------------------------------+

[Setup] Activating virtual environment...
Working directory: /scratch/st-singha53-1/schiluku/if2rna_new

Configuration:
  Reference file: data/metadata/tcga_reference.csv
  WSI path: data/raw/tcga_slides
  Feature type: uni
  Cancer type: BRCA
  Fold: 0

========================================================================
[Step 1/4] Preprocessing Pipeline
========================================================================

[1.1] Starting SEQUOIA preprocessing (patches + features + kmeans)...
