========================================================================
SEQUOIA End-to-End Pipeline
========================================================================
Job ID: 8637940
Node: se265
Started at: Sun Mar 15 03:27:10 PDT 2026
========================================================================
Sun Mar 15 03:27:10 2026       
+-----------------------------------------------------------------------------------------+
| NVIDIA-SMI 570.211.01             Driver Version: 570.211.01     CUDA Version: 12.8     |
|-----------------------------------------+------------------------+----------------------+
| GPU  Name                 Persistence-M | Bus-Id          Disp.A | Volatile Uncorr. ECC |
| Fan  Temp   Perf          Pwr:Usage/Cap |           Memory-Usage | GPU-Util  Compute M. |
|                                         |                        |               MIG M. |
|=========================================+========================+======================|
|   0  Tesla V100-SXM2-32GB           On  |   00000000:3B:00.0 Off |                    0 |
| N/A   30C    P0             42W /  300W |       0MiB /  32768MiB |      0%      Default |
|                                         |                        |                  N/A |
+-----------------------------------------+------------------------+----------------------+
                                                                                         
+-----------------------------------------------------------------------------------------+
| Processes:                                                                              |
|  GPU   GI   CI              PID   Type   Process name                        GPU Memory |
|        ID   ID                                                               Usage      |
|=========================================================================================|
|  No running processes found                                                             |
+-----------------------------------------------------------------------------------------+

Configuration:
  PROJECT_DIR:  /scratch/st-singha53-1/schiluku/if2rna_new
  REF_FILE:     data/metadata/tcga_reference.csv
  WSI_PATH:     data/hne_data/raw/images
  GENE_LIST:    models/gene_list.csv
  FEAT_TYPE:    uni
  CANCER_TYPE:  BRCA
  FOLD:         0
  MODEL_DIR:    models/sequoia/brca-0
  FEATURE_DIR:  data/processed/features
  OUTPUT_DIR:   results/sequoia

========================================================================
[Step 1/4] Preprocessing
========================================================================
Found 10 slides
TCGA-5L-AAT1-01Z-00-DX1: patches have already been extreacted
TCGA-A2-A0YM-01Z-00-DX1: patches have already been extreacted
TCGA-A7-A0CD-01Z-00-DX1: patches have already been extreacted
TCGA-A8-A09K-01Z-00-DX1: patches have already been extreacted
TCGA-AC-A62V-01Z-00-DX1: patches have already been extreacted
TCGA-AC-A8OP-01Z-00-DX1: patches have already been extreacted
TCGA-AQ-A0Y5-01Z-00-DX1: patches have already been extreacted
TCGA-AR-A24Q-01Z-00-DX1: patches have already been extreacted
TCGA-C8-A1HI-01Z-00-DX1: patches have already been extreacted
TCGA-E2-A14P-01Z-00-DX1: patches have already been extreacted
----------
Args for this experiment 

Namespace(feat_type='uni', ref_file='data/metadata/tcga_reference.csv', patch_data_path='data/processed/patches', feature_path='data/processed/features', max_patch_number=4000, seed=99, tcga_projects=None, start=0, end=None)
----------
Loading UNI model from Hugging Face (mahmoodlab/uni)...
✓ UNI model loaded from cache
Loading dataset...
Number of slides = 10
----------
Args for this experiment 

Namespace(ref_file='data/metadata/tcga_reference.csv', patch_data_path='data/processed/patches', feature_path='data/processed/features', num_clusters=100, tcga_projects=None, start=0, end=None, gtex=False, gtex_tissue=None, seed=99)
----------
Total number of slides = 10
New number of slides = 10
No resnet features for data/processed/features/BRCA/TCGA-5L-AAT1-01Z-00-DX1.F3449A5B-2AC4-4ED7-BF44-4C8946CDB47D
No resnet features for data/processed/features/BRCA/TCGA-A2-A0YM-01Z-00-DX1.A48B4C96-2CC5-464C-98B7-F0F92AE56533
No resnet features for data/processed/features/BRCA/TCGA-A7-A0CD-01Z-00-DX1.F045B9C8-049C-41BF-8432-EF89F236D34D
No resnet features for data/processed/features/BRCA/TCGA-A8-A09K-01Z-00-DX1.41B2DF5F-C0E1-43BB-BAA5-2946A9EC4650
No resnet features for data/processed/features/BRCA/TCGA-AC-A62V-01Z-00-DX1.2D8994FD-58B8-43C1-B99D-AA964E7DFD60
No resnet features for data/processed/features/BRCA/TCGA-AC-A8OP-01Z-00-DX1.A2AF501D-7DCD-4BE7-93A4-EBCAF0C0D54E
No resnet features for data/processed/features/BRCA/TCGA-AQ-A0Y5-01Z-00-DX1.f68f5b49-30fa-4fb6-bec6-5da9f6809d02
No resnet features for data/processed/features/BRCA/TCGA-AR-A24Q-01Z-00-DX1.69DC7E35-DC0D-4F20-88DA-04C25F28628C
No resnet features for data/processed/features/BRCA/TCGA-C8-A1HI-01Z-00-DX1.C6D0F8B8-55ED-477F-BAF7-AA05D0449CC8
No resnet features for data/processed/features/BRCA/TCGA-E2-A14P-01Z-00-DX1.663B02FF-C64B-41A6-8685-FD61CD76F9C6
Done!

======================================================================
SEQUOIA Preprocessing Pipeline
======================================================================
Reference file: data/metadata/tcga_reference.csv
WSI directory: data/hne_data/raw/images
Output directory: data/processed
Steps to run: patch, features, kmeans
Feature type: uni
======================================================================

[Verification] Checking setup...
   ✓ All requirements verified

======================================================================
[Step 1/3] Patch Extraction
======================================================================

Running: python sequoia-pub/pre_processing/patch_gen_hdf5.py --ref_file data/metadata/tcga_reference.csv --wsi_path data/hne_data/raw/images --patch_path data/processed/patches --mask_path data/processed/masks --patch_size 256 --max_patches_per_slide 2000 --parallel 0


✓ Patch extraction complete!

======================================================================
[Step 2/3] Feature Extraction (feat_type: uni)
======================================================================

✓ Using UNI (Universal histopathology foundation model)
  Model: MahmoodLab/uni from Hugging Face
  Output: 1024-dimensional features

  Prerequisites:
  1. Accept license: https://huggingface.co/MahmoodLab/uni
  2. Login: huggingface-cli login


Running: python sequoia-pub/pre_processing/compute_features_hdf5.py --feat_type uni --ref_file data/metadata/tcga_reference.csv --patch_data_path data/processed/patches --feature_path data/processed/features --max_patch_number 4000


✓ Feature extraction complete!

======================================================================
[Step 3/3] K-means Clustering (n_clusters: 100)
======================================================================

Running: python sequoia-pub/pre_processing/kmean_features.py --ref_file data/metadata/tcga_reference.csv --patch_data_path data/processed/patches --feature_path data/processed/features --num_clusters 100


✓ K-means clustering complete!

======================================================================
✓ Preprocessing Pipeline Complete!
======================================================================

Output directory: data/processed
  Patches: data/processed/patches
  Features: data/processed/features
  Masks: data/processed/masks

Next step: Run SEQUOIA inference
  python scripts/run_sequoia_inference.py
======================================================================

✓ Preprocessing complete

========================================================================
[Step 1b/4] Ensuring cluster_features for UNI
========================================================================
Checked feature files: 10
Created cluster_features: 10

========================================================================
[Step 2/4] Model
========================================================================
✓ Model ready: models/sequoia/brca-0

========================================================================
[Step 3/4] Inference
========================================================================
Using device: cuda

Loading gene list...
   ✓ Loaded 20820 genes

======================================================================
Processing model: brca-0
======================================================================

[1/4] Loading SEQUOIA model...
   Loading from local path: models/sequoia/brca-0
Loading weights from local directory
   ✓ Model loaded successfully

[2/4] Running inference...
   Processing 10 slides
   ✓ Processed 10 slides successfully

[3/4] Comparing with ground truth...
   Found 20820 common genes

   Correlation statistics:
      Mean correlation: -0.0559
      Median correlation: -0.0674
      Mean RMSE: 50.2260

[4/4] Saving results...
   ✓ Predictions saved: results/sequoia/predictions_brca-0.csv
   ✓ Correlations saved: results/sequoia/correlations_brca-0.csv
   ✓ Summary saved: results/sequoia/summary_brca-0.json

======================================================================
✓ Inference Complete!
======================================================================

Results saved to: results/sequoia
Processed 1 model(s)
======================================================================

✓ Inference complete

========================================================================
[Step 4/4] Evaluation
========================================================================

================================================================================
Processing predictions_brca-0
================================================================================
Loading gene list...
  20820 genes
Loading predictions...
  Shape: (10, 20823)
Renaming 0 columns...
  Saved fixed predictions to results/sequoia/predictions_brca-0_fixed.csv
Loading reference data...
  Shape: (10, 59430)
Merged data shape: (10, 80252)
  10 samples matched
  0 common genes found
ERROR: No common genes found!

========================================================================
Pipeline Complete
========================================================================
Predictions: results/sequoia/predictions_brca-0.csv
Correlations: results/sequoia/predictions_brca-0_correlations.csv
Finished at: Sun Mar 15 03:42:36 PDT 2026
========================================================================
