========================================================================
SEQUOIA End-to-End Pipeline
========================================================================
Job ID: 8476054
Node: se267
Started at: Sat Mar  7 02:16:54 PST 2026
========================================================================
Sat Mar  7 02:16:54 2026       
+-----------------------------------------------------------------------------------------+
| NVIDIA-SMI 570.211.01             Driver Version: 570.211.01     CUDA Version: 12.8     |
|-----------------------------------------+------------------------+----------------------+
| GPU  Name                 Persistence-M | Bus-Id          Disp.A | Volatile Uncorr. ECC |
| Fan  Temp   Perf          Pwr:Usage/Cap |           Memory-Usage | GPU-Util  Compute M. |
|                                         |                        |               MIG M. |
|=========================================+========================+======================|
|   0  Tesla V100-SXM2-32GB           On  |   00000000:3B:00.0 Off |                    0 |
| N/A   34C    P0             43W /  300W |       0MiB /  32768MiB |      0%      Default |
|                                         |                        |                  N/A |
+-----------------------------------------+------------------------+----------------------+
                                                                                         
+-----------------------------------------------------------------------------------------+
| Processes:                                                                              |
|  GPU   GI   CI              PID   Type   Process name                        GPU Memory |
|        ID   ID                                                               Usage      |
|=========================================================================================|
|  No running processes found                                                             |
+-----------------------------------------------------------------------------------------+

[Setup] Loading modules...
[Setup] Activating virtual environment...
Working directory: /scratch/st-singha53-1/schiluku/if2rna_new
Python: /arc/project/st-singha53-1/if2rna/.venv/bin/python

Configuration:
  REF_FILE:     data/metadata/tcga_reference.csv
  WSI_PATH:     data/hne_data/raw/images
  FEAT_TYPE:    uni
  MODEL_DIR:    models/sequoia/brca-0

========================================================================
[Step 0/7] Verifying inputs
========================================================================
  ✓ Reference CSV exists
  ✓ Slides found: 10
  ✓ Model found: models/sequoia/brca-0
  ✓ Gene list found
  ✓ SEQUOIA scripts found
  ✓ All inputs verified

========================================================================
[Step 1/7] Fixing reference CSV
========================================================================
  SEQUOIA's patch_gen_hdf5.py adds .svs to wsi_file_name automatically.
  If the CSV already has .svs, we get *.svs.svs and 0 matches.
  Before: TCGA-5L-AAT1-01Z-00-DX1.F3449A5B-2AC4-4ED7-BF44-4C8946CDB47D.svs
  After:  TCGA-5L-AAT1-01Z-00-DX1.F3449A5B-2AC4-4ED7-BF44-4C8946CDB47D (CHANGED)
  Rows: 10
  ✓ Reference CSV ready

========================================================================
[Step 2/7] Cleaning old processed data
========================================================================
  ✓ Cleaned and recreated output directories

========================================================================
[Step 3/7] Patch extraction
========================================================================
Found 10 slides
patch size for TCGA-5L-AAT1-01Z-00-DX1: (512, 512)
TCGA-5L-AAT1-01Z-00-DX1 complete, total n patch = 2000
patch size for TCGA-A2-A0YM-01Z-00-DX1: (512, 512)
TCGA-A2-A0YM-01Z-00-DX1 complete, total n patch = 2000
patch size for TCGA-A7-A0CD-01Z-00-DX1: (512, 512)
TCGA-A7-A0CD-01Z-00-DX1 complete, total n patch = 1485
patch size for TCGA-A8-A09K-01Z-00-DX1: (256, 256)
TCGA-A8-A09K-01Z-00-DX1 complete, total n patch = 2000
patch size for TCGA-AC-A62V-01Z-00-DX1: (512, 512)
TCGA-AC-A62V-01Z-00-DX1 complete, total n patch = 1045
patch size for TCGA-AC-A8OP-01Z-00-DX1: (512, 512)
TCGA-AC-A8OP-01Z-00-DX1 complete, total n patch = 1571
patch size for TCGA-AQ-A0Y5-01Z-00-DX1: (512, 512)
TCGA-AQ-A0Y5-01Z-00-DX1 complete, total n patch = 2000
patch size for TCGA-AR-A24Q-01Z-00-DX1: (512, 512)
TCGA-AR-A24Q-01Z-00-DX1 complete, total n patch = 2000
patch size for TCGA-C8-A1HI-01Z-00-DX1: (512, 512)
TCGA-C8-A1HI-01Z-00-DX1 complete, total n patch = 2000
patch size for TCGA-E2-A14P-01Z-00-DX1: (512, 512)
TCGA-E2-A14P-01Z-00-DX1 complete, total n patch = 2000

--- Patch Verification ---
  HDF5 patch files: 10
  ✓ TCGA-5L-AAT1-01Z-00-DX1
  ✓ TCGA-A2-A0YM-01Z-00-DX1
  ✓ TCGA-A7-A0CD-01Z-00-DX1
  ✓ TCGA-A8-A09K-01Z-00-DX1
  ✓ TCGA-AC-A62V-01Z-00-DX1
  ✓ TCGA-AC-A8OP-01Z-00-DX1
  ✓ TCGA-AQ-A0Y5-01Z-00-DX1
  ✓ TCGA-AR-A24Q-01Z-00-DX1
  ✓ TCGA-C8-A1HI-01Z-00-DX1
  ✓ TCGA-E2-A14P-01Z-00-DX1
  ✓ Patch extraction complete (10 slides)

========================================================================
[Step 4/7] UNI feature extraction
========================================================================
----------
Args for this experiment 

Namespace(feat_type='uni', ref_file='data/metadata/tcga_reference.csv', patch_data_path='data/processed/patches', feature_path='data/processed/features', max_patch_number=4000, seed=99, tcga_projects=None, start=0, end=None)
----------
Loading UNI model from Hugging Face (mahmoodlab/uni)...
✓ UNI model loaded from cache
Loading dataset...
Number of slides = 10

--- Feature Verification ---
  H5 feature files: 10
  ✓ TCGA-5L-AAT1-01Z-00-DX1.F3449A5B-2AC4-4ED7-BF44-4C8946CDB47D: keys=['uni_features'], shapes={'uni_features': (2000, 1024)}
  ✓ TCGA-A2-A0YM-01Z-00-DX1.A48B4C96-2CC5-464C-98B7-F0F92AE56533: keys=['uni_features'], shapes={'uni_features': (2000, 1024)}
  ✓ TCGA-A7-A0CD-01Z-00-DX1.F045B9C8-049C-41BF-8432-EF89F236D34D: keys=['uni_features'], shapes={'uni_features': (1485, 1024)}
  ✓ TCGA-A8-A09K-01Z-00-DX1.41B2DF5F-C0E1-43BB-BAA5-2946A9EC4650: keys=['uni_features'], shapes={'uni_features': (2000, 1024)}
  ✓ TCGA-AC-A62V-01Z-00-DX1.2D8994FD-58B8-43C1-B99D-AA964E7DFD60: keys=['uni_features'], shapes={'uni_features': (1045, 1024)}
  ✓ TCGA-AC-A8OP-01Z-00-DX1.A2AF501D-7DCD-4BE7-93A4-EBCAF0C0D54E: keys=['uni_features'], shapes={'uni_features': (1571, 1024)}
  ✓ TCGA-AQ-A0Y5-01Z-00-DX1.f68f5b49-30fa-4fb6-bec6-5da9f6809d02: keys=['uni_features'], shapes={'uni_features': (2000, 1024)}
  ✓ TCGA-AR-A24Q-01Z-00-DX1.69DC7E35-DC0D-4F20-88DA-04C25F28628C: keys=['uni_features'], shapes={'uni_features': (2000, 1024)}
  ✓ TCGA-C8-A1HI-01Z-00-DX1.C6D0F8B8-55ED-477F-BAF7-AA05D0449CC8: keys=['uni_features'], shapes={'uni_features': (2000, 1024)}
  ✓ TCGA-E2-A14P-01Z-00-DX1.663B02FF-C64B-41A6-8685-FD61CD76F9C6: keys=['uni_features'], shapes={'uni_features': (2000, 1024)}
  ✓ Feature extraction complete (10 slides)

========================================================================
[Step 5/7] K-means clustering (inline — reads uni_features correctly)
========================================================================
  NOTE: SEQUOIA's kmean_features.py hardcodes 'resnet_features' key.
  Since we used UNI, features are saved as 'uni_features'.
  This inline script handles both correctly.
  ✓ TCGA-5L-AAT1-01Z-00-DX1.F3449A5B-2AC4-4ED7-BF44-4C8946CDB47D: uni_features (2000, 1024) → cluster_features (100, 1024)
  ✓ TCGA-A2-A0YM-01Z-00-DX1.A48B4C96-2CC5-464C-98B7-F0F92AE56533: uni_features (2000, 1024) → cluster_features (100, 1024)
  ✓ TCGA-A7-A0CD-01Z-00-DX1.F045B9C8-049C-41BF-8432-EF89F236D34D: uni_features (1485, 1024) → cluster_features (100, 1024)
  ✓ TCGA-A8-A09K-01Z-00-DX1.41B2DF5F-C0E1-43BB-BAA5-2946A9EC4650: uni_features (2000, 1024) → cluster_features (100, 1024)
  ✓ TCGA-AC-A62V-01Z-00-DX1.2D8994FD-58B8-43C1-B99D-AA964E7DFD60: uni_features (1045, 1024) → cluster_features (100, 1024)
  ✓ TCGA-AC-A8OP-01Z-00-DX1.A2AF501D-7DCD-4BE7-93A4-EBCAF0C0D54E: uni_features (1571, 1024) → cluster_features (100, 1024)
  ✓ TCGA-AQ-A0Y5-01Z-00-DX1.f68f5b49-30fa-4fb6-bec6-5da9f6809d02: uni_features (2000, 1024) → cluster_features (100, 1024)
  ✓ TCGA-AR-A24Q-01Z-00-DX1.69DC7E35-DC0D-4F20-88DA-04C25F28628C: uni_features (2000, 1024) → cluster_features (100, 1024)
  ✓ TCGA-C8-A1HI-01Z-00-DX1.C6D0F8B8-55ED-477F-BAF7-AA05D0449CC8: uni_features (2000, 1024) → cluster_features (100, 1024)
  ✓ TCGA-E2-A14P-01Z-00-DX1.663B02FF-C64B-41A6-8685-FD61CD76F9C6: uni_features (2000, 1024) → cluster_features (100, 1024)

  K-means: 10/10 slides
  ✓ K-means clustering complete

========================================================================
[Step 6/7] SEQUOIA Inference (model: brca-0)
========================================================================
Using device: cuda

Loading gene list...
   ✓ Loaded 20821 genes

======================================================================
Processing model: brca-0
======================================================================

[1/4] Loading SEQUOIA model...
   Loading from local path: models/sequoia/brca-0
Loading weights from local directory
   ✓ Model loaded successfully

[2/4] Running inference...
   Processing 10 slides
   ✓ Processed 10 slides successfully

[3/4] Comparing with ground truth...
   ⚠ No common genes found between predictions and ground truth

[4/4] Saving results...
   ✓ Predictions saved: results/sequoia/predictions_brca-0.csv

======================================================================
✓ Inference Complete!
======================================================================

Results saved to: results/sequoia
Processed 1 model(s)
======================================================================


--- Inference Verification ---
  File: results/sequoia/predictions_brca-0.csv
  Slides: 10
  Genes: 20820
  ✓ Inference complete

========================================================================
[Step 7/7] Evaluation
========================================================================

================================================================================
Processing predictions_brca-0
================================================================================
Loading gene list...
  20820 genes
Loading predictions...
  Shape: (10, 20823)
Renaming 20820 columns...
  Saved fixed predictions to results/sequoia/predictions_brca-0_fixed.csv
Loading reference data...
  Shape: (10, 60667)
Merged data shape: (10, 81489)
  10 samples matched
  0 common genes found
ERROR: No common genes found!

  ⚠ Correlation file not found (but predictions were generated)

========================================================================
✓ PIPELINE COMPLETE
========================================================================
Finished at: Sat Mar  7 03:15:48 PST 2026

Output files:
  Patches:      data/processed/patches/
  Features:     data/processed/features/
  Predictions:  results/sequoia/predictions_brca-0.csv
  Correlations: results/sequoia/predictions_brca-0_correlations.csv
========================================================================
